<?xml version="1.0" encoding="UTF-8"?>
<testng-results ignored="0" total="2" passed="2" failed="0" skipped="0">
  <reporter-output>
  </reporter-output>
  <suite started-at="2021-02-04T20:00:00 IST" name="Suite" finished-at="2021-02-04T20:01:19 IST" duration-ms="78764">
    <groups>
    </groups>
    <test started-at="2021-02-04T20:00:00 IST" name="Test" finished-at="2021-02-04T20:01:19 IST" duration-ms="78764">
      <class name="Com.Runnable.Testcases.TestngAnnotationsTC001">
        <test-method is-config="true" signature="toolsQAInitialSetup(java.lang.String)[pri:0, instance:Com.Runnable.Testcases.TestngAnnotationsTC001@161479c6]" started-at="2021-02-04T20:00:00 IST" name="toolsQAInitialSetup" finished-at="2021-02-04T20:00:56 IST" duration-ms="55840" status="PASS">
          <params>
            <param index="0">
              <value>
                <![CDATA[https://www.toolsqa.com/]]>
              </value>
            </param>
          </params>
          <reporter-output>
          </reporter-output>
        </test-method> <!-- toolsQAInitialSetup -->
        <test-method signature="toolsQATitleTest()[pri:0, instance:Com.Runnable.Testcases.TestngAnnotationsTC001@161479c6]" started-at="2021-02-04T20:00:56 IST" name="toolsQATitleTest" finished-at="2021-02-04T20:00:56 IST" duration-ms="279" status="PASS">
          <reporter-output>
          </reporter-output>
        </test-method> <!-- toolsQATitleTest -->
        <test-method is-config="true" signature="tearDown()[pri:0, instance:Com.Runnable.Testcases.TestngAnnotationsTC001@161479c6]" started-at="2021-02-04T20:00:56 IST" name="tearDown" finished-at="2021-02-04T20:00:59 IST" duration-ms="2505" status="PASS">
          <reporter-output>
          </reporter-output>
        </test-method> <!-- tearDown -->
        <test-method is-config="true" signature="toolsQAInitialSetup(java.lang.String)[pri:0, instance:Com.Runnable.Testcases.TestngAnnotationsTC001@161479c6]" started-at="2021-02-04T20:00:59 IST" name="toolsQAInitialSetup" finished-at="2021-02-04T20:01:15 IST" duration-ms="15690" status="PASS">
          <params>
            <param index="0">
              <value>
                <![CDATA[https://www.toolsqa.com/]]>
              </value>
            </param>
          </params>
          <reporter-output>
          </reporter-output>
        </test-method> <!-- toolsQAInitialSetup -->
        <test-method signature="toolsQAHomepage()[pri:1, instance:Com.Runnable.Testcases.TestngAnnotationsTC001@161479c6]" started-at="2021-02-04T20:01:15 IST" name="toolsQAHomepage" finished-at="2021-02-04T20:01:15 IST" duration-ms="2" status="PASS">
          <reporter-output>
          </reporter-output>
        </test-method> <!-- toolsQAHomepage -->
        <test-method is-config="true" signature="tearDown()[pri:0, instance:Com.Runnable.Testcases.TestngAnnotationsTC001@161479c6]" started-at="2021-02-04T20:01:15 IST" name="tearDown" finished-at="2021-02-04T20:01:19 IST" duration-ms="4193" status="PASS">
          <reporter-output>
          </reporter-output>
        </test-method> <!-- tearDown -->
      </class> <!-- Com.Runnable.Testcases.TestngAnnotationsTC001 -->
    </test> <!-- Test -->
  </suite> <!-- Suite -->
</testng-results>
