<?xml version="1.0" encoding="UTF-8"?>
<testng-results ignored="0" total="1" passed="1" failed="0" skipped="0">
  <reporter-output>
  </reporter-output>
  <suite started-at="2020-12-18T00:30:15 IST" name="Default suite" finished-at="2020-12-18T00:30:28 IST" duration-ms="12969">
    <groups>
    </groups>
    <test started-at="2020-12-18T00:30:15 IST" name="Default test" finished-at="2020-12-18T00:30:28 IST" duration-ms="12969">
      <class name="Com.iNetBanking.Testcases.TC_Logintest_TC001">
        <test-method is-config="true" signature="setUp()[pri:0, instance:Com.iNetBanking.Testcases.TC_Logintest_TC001@2ddc8ecb]" started-at="2020-12-18T00:30:15 IST" name="setUp" finished-at="2020-12-18T00:30:23 IST" duration-ms="7517" status="PASS">
          <reporter-output>
          </reporter-output>
        </test-method> <!-- setUp -->
        <test-method signature="loginTest()[pri:0, instance:Com.iNetBanking.Testcases.TC_Logintest_TC001@2ddc8ecb]" started-at="2020-12-18T00:30:23 IST" name="loginTest" finished-at="2020-12-18T00:30:27 IST" duration-ms="4644" status="PASS">
          <reporter-output>
          </reporter-output>
        </test-method> <!-- loginTest -->
        <test-method is-config="true" signature="tearDown()[pri:0, instance:Com.iNetBanking.Testcases.TC_Logintest_TC001@2ddc8ecb]" started-at="2020-12-18T00:30:27 IST" name="tearDown" finished-at="2020-12-18T00:30:28 IST" duration-ms="754" status="PASS">
          <reporter-output>
          </reporter-output>
        </test-method> <!-- tearDown -->
      </class> <!-- Com.iNetBanking.Testcases.TC_Logintest_TC001 -->
    </test> <!-- Default test -->
  </suite> <!-- Default suite -->
</testng-results>
